<?xml version="1.0" encoding="UTF-8"?>
<!-- Generated by org.testng.reporters.JUnitXMLReporter -->
<testsuite ignored="0" hostname="MGTECHLPT311" failures="1" tests="1" name="Default test" time="19.905" errors="0" timestamp="2023-07-02T21:28:10 IST">
  <testcase classname="io.cucumber.testng.AbstractTestNGCucumberTests" name="runScenario" time="18.169">
    <failure type="java.lang.AssertionError">
      <![CDATA[java.lang.AssertionError
at org.junit.Assert.fail(Assert.java:87)
at org.junit.Assert.assertTrue(Assert.java:42)
at org.junit.Assert.assertTrue(Assert.java:53)
at stepDefinitions.steps.user_navigates_to_my_account_page(steps.java:89)
at âœ½.User navigates to MyAccount Page(file:///C:/Users/kpkmt942/eclipse-workspace/opencart_cucumber_framework.zip_expanded/opencart_cucumber_framework/./Features/Login.feature:9)
]]>
    </failure>
  </testcase> <!-- runScenario -->
</testsuite> <!-- Default test -->
